<?xml version="1.0" encoding="UTF-8"?>
<!-- Generated by org.testng.reporters.JUnitXMLReporter -->
<testsuite ignored="0" hostname="DESKTOP-1IBMQKL" failures="0" tests="4" name="Test" time="10.81" errors="0" timestamp="2024-09-08T13:36:24 IST">
  <testcase classname="api.test.TestUser" name="testCreateUser" time="4.911"/>
  <testcase classname="api.test.TestUser" name="testGetUser" time="1.12"/>
  <testcase classname="api.test.TestUser" name="testUpdateUser" time="2.199"/>
  <testcase classname="api.test.TestUser" name="testdeleteUser" time="2.111"/>
</testsuite> <!-- Test -->
