<?xml version="1.0" encoding="UTF-8"?>
<testng-results ignored="0" total="7" passed="7" failed="0" skipped="0">
  <reporter-output>
  </reporter-output>
  <suite started-at="2024-09-08T13:38:27 IST" name="PetStoreUserSuite" finished-at="2024-09-08T13:38:47 IST" duration-ms="19568">
    <groups>
    </groups>
    <test started-at="2024-09-08T13:38:27 IST" name="PetStoreUserTest" finished-at="2024-09-08T13:38:47 IST" duration-ms="19568">
      <class name="api.test.TestUser">
        <test-method is-config="true" signature="setData()[pri:0, instance:api.test.TestUser@29215f06]" started-at="2024-09-08T13:38:40 IST" name="setData" finished-at="2024-09-08T13:38:40 IST" duration-ms="655" status="PASS">
          <reporter-output>
          </reporter-output>
        </test-method> <!-- setData -->
        <test-method signature="testCreateUser()[pri:1, instance:api.test.TestUser@29215f06]" started-at="2024-09-08T13:38:40 IST" name="testCreateUser" finished-at="2024-09-08T13:38:41 IST" duration-ms="1139" status="PASS">
          <reporter-output>
          </reporter-output>
        </test-method> <!-- testCreateUser -->
        <test-method signature="testGetUser()[pri:2, instance:api.test.TestUser@29215f06]" started-at="2024-09-08T13:38:41 IST" name="testGetUser" finished-at="2024-09-08T13:38:42 IST" duration-ms="1154" status="PASS">
          <reporter-output>
          </reporter-output>
        </test-method> <!-- testGetUser -->
        <test-method signature="testUpdateUser()[pri:3, instance:api.test.TestUser@29215f06]" started-at="2024-09-08T13:38:42 IST" name="testUpdateUser" finished-at="2024-09-08T13:38:45 IST" duration-ms="2204" status="PASS">
          <reporter-output>
          </reporter-output>
        </test-method> <!-- testUpdateUser -->
        <test-method signature="testdeleteUser()[pri:4, instance:api.test.TestUser@29215f06]" started-at="2024-09-08T13:38:45 IST" name="testdeleteUser" finished-at="2024-09-08T13:38:47 IST" duration-ms="2150" status="PASS">
          <reporter-output>
          </reporter-output>
        </test-method> <!-- testdeleteUser -->
      </class> <!-- api.test.TestUser -->
      <class name="api.test.TestDataParamerization">
        <test-method signature="testPostUser(java.lang.String,java.lang.String,java.lang.String,java.lang.String,java.lang.String,java.lang.String,java.lang.String)[pri:1, instance:api.test.TestDataParamerization@5d0a1059]" started-at="2024-09-08T13:38:31 IST" name="testPostUser" data-provider="getAllUserDataFromXL" finished-at="2024-09-08T13:38:37 IST" duration-ms="6188" status="PASS">
          <params>
            <param index="0">
              <value>
                <![CDATA[1001]]>
              </value>
            </param>
            <param index="1">
              <value>
                <![CDATA[Admin]]>
              </value>
            </param>
            <param index="2">
              <value>
                <![CDATA[Tester12]]>
              </value>
            </param>
            <param index="3">
              <value>
                <![CDATA[QA21]]>
              </value>
            </param>
            <param index="4">
              <value>
                <![CDATA[abcd@example.com]]>
              </value>
            </param>
            <param index="5">
              <value>
                <![CDATA[admin123]]>
              </value>
            </param>
            <param index="6">
              <value>
                <![CDATA[912345671]]>
              </value>
            </param>
          </params>
          <reporter-output>
          </reporter-output>
        </test-method> <!-- testPostUser -->
        <test-method signature="testPostUser(java.lang.String,java.lang.String,java.lang.String,java.lang.String,java.lang.String,java.lang.String,java.lang.String)[pri:1, instance:api.test.TestDataParamerization@5d0a1059]" started-at="2024-09-08T13:38:37 IST" name="testPostUser" data-provider="getAllUserDataFromXL" finished-at="2024-09-08T13:38:38 IST" duration-ms="1218" status="PASS">
          <params>
            <param index="0">
              <value>
                <![CDATA[1002]]>
              </value>
            </param>
            <param index="1">
              <value>
                <![CDATA[Tester]]>
              </value>
            </param>
            <param index="2">
              <value>
                <![CDATA[Tester13]]>
              </value>
            </param>
            <param index="3">
              <value>
                <![CDATA[QA22]]>
              </value>
            </param>
            <param index="4">
              <value>
                <![CDATA[abcd@example.com]]>
              </value>
            </param>
            <param index="5">
              <value>
                <![CDATA[tester123]]>
              </value>
            </param>
            <param index="6">
              <value>
                <![CDATA[812345678]]>
              </value>
            </param>
          </params>
          <reporter-output>
          </reporter-output>
        </test-method> <!-- testPostUser -->
        <test-method signature="testPostUser(java.lang.String,java.lang.String,java.lang.String,java.lang.String,java.lang.String,java.lang.String,java.lang.String)[pri:1, instance:api.test.TestDataParamerization@5d0a1059]" started-at="2024-09-08T13:38:38 IST" name="testPostUser" data-provider="getAllUserDataFromXL" finished-at="2024-09-08T13:38:39 IST" duration-ms="1143" status="PASS">
          <params>
            <param index="0">
              <value>
                <![CDATA[1003]]>
              </value>
            </param>
            <param index="1">
              <value>
                <![CDATA[Passkey]]>
              </value>
            </param>
            <param index="2">
              <value>
                <![CDATA[Tester14]]>
              </value>
            </param>
            <param index="3">
              <value>
                <![CDATA[QA23]]>
              </value>
            </param>
            <param index="4">
              <value>
                <![CDATA[abcd@example.com]]>
              </value>
            </param>
            <param index="5">
              <value>
                <![CDATA[passvalue]]>
              </value>
            </param>
            <param index="6">
              <value>
                <![CDATA[992345673]]>
              </value>
            </param>
          </params>
          <reporter-output>
          </reporter-output>
        </test-method> <!-- testPostUser -->
      </class> <!-- api.test.TestDataParamerization -->
    </test> <!-- PetStoreUserTest -->
  </suite> <!-- PetStoreUserSuite -->
</testng-results>
