<?xml version="1.0" encoding="UTF-8"?>
<!-- Generated by org.testng.reporters.JUnitXMLReporter -->
<testsuite ignored="0" hostname="DESKTOP-1IBMQKL" failures="0" tests="7" name="PetStoreUserTest" time="19.568" errors="0" timestamp="2024-09-08T13:38:47 IST">
  <testcase classname="api.test.TestDataParamerization" name="testPostUser" time="6.188"/>
  <testcase classname="api.test.TestDataParamerization" name="testPostUser" time="1.218"/>
  <testcase classname="api.test.TestDataParamerization" name="testPostUser" time="1.143"/>
  <testcase classname="api.test.TestUser" name="testCreateUser" time="1.139"/>
  <testcase classname="api.test.TestUser" name="testGetUser" time="1.154"/>
  <testcase classname="api.test.TestUser" name="testUpdateUser" time="2.204"/>
  <testcase classname="api.test.TestUser" name="testdeleteUser" time="2.15"/>
</testsuite> <!-- PetStoreUserTest -->
