<?xml version="1.0" encoding="UTF-8"?>
<testng-results ignored="0" total="4" passed="4" failed="0" skipped="0">
  <reporter-output>
  </reporter-output>
  <suite started-at="2024-09-08T13:13:10 IST" name="Suite" finished-at="2024-09-08T13:13:25 IST" duration-ms="15005">
    <groups>
    </groups>
    <test started-at="2024-09-08T13:13:10 IST" name="Test" finished-at="2024-09-08T13:13:25 IST" duration-ms="15005">
      <class name="api.test.TestUser">
        <test-method is-config="true" signature="setData()[pri:0, instance:api.test.TestUser@13e344d]" started-at="2024-09-08T13:13:10 IST" name="setData" finished-at="2024-09-08T13:13:11 IST" duration-ms="724" status="PASS">
          <reporter-output>
          </reporter-output>
        </test-method> <!-- setData -->
        <test-method signature="testCreateUser()[pri:1, instance:api.test.TestUser@13e344d]" started-at="2024-09-08T13:13:11 IST" name="testCreateUser" finished-at="2024-09-08T13:13:19 IST" duration-ms="7940" status="PASS">
          <reporter-output>
          </reporter-output>
        </test-method> <!-- testCreateUser -->
        <test-method signature="testGetUser()[pri:2, instance:api.test.TestUser@13e344d]" started-at="2024-09-08T13:13:19 IST" name="testGetUser" finished-at="2024-09-08T13:13:20 IST" duration-ms="1403" status="PASS">
          <reporter-output>
          </reporter-output>
        </test-method> <!-- testGetUser -->
        <test-method signature="testUpdateUser()[pri:3, instance:api.test.TestUser@13e344d]" started-at="2024-09-08T13:13:20 IST" name="testUpdateUser" finished-at="2024-09-08T13:13:23 IST" duration-ms="2493" status="PASS">
          <reporter-output>
          </reporter-output>
        </test-method> <!-- testUpdateUser -->
        <test-method signature="testdeleteUser()[pri:4, instance:api.test.TestUser@13e344d]" started-at="2024-09-08T13:13:23 IST" name="testdeleteUser" finished-at="2024-09-08T13:13:25 IST" duration-ms="2254" status="PASS">
          <reporter-output>
          </reporter-output>
        </test-method> <!-- testdeleteUser -->
      </class> <!-- api.test.TestUser -->
    </test> <!-- Test -->
  </suite> <!-- Suite -->
</testng-results>
